src/controllers/AnnouncementController.ts(71,26): error TS2412: Type 'string | string[] | undefined' is not assignable to type 'string | undefined' with 'exactOptionalPropertyTypes: true'. Consider adding 'undefined' to the type of the target.
src/controllers/AnnouncementController.ts(84,26): error TS2412: Type 'string | string[] | undefined' is not assignable to type 'string | undefined' with 'exactOptionalPropertyTypes: true'. Consider adding 'undefined' to the type of the target.
src/controllers/DashboardController.ts(141,21): error TS2353: Object literal may only specify known properties, and 'product' does not exist in type 'SaleInclude<DefaultArgs>'.
src/controllers/DashboardController.ts(179,63): error TS2353: Object literal may only specify known properties, and 'product' does not exist in type 'SaleInclude<DefaultArgs>'.
src/controllers/DashboardController.ts(185,35): error TS2339: Property 'sale' does not exist on type '{ id: string; status: string; createdAt: Date; date: Date; amount: number; method: string; reference: string | null; proofOfPaymentUrl: string | null; saleId: string; recordedByUserId: string; }'.
src/controllers/DashboardController.ts(186,32): error TS2339: Property 'sale' does not exist on type '{ id: string; status: string; createdAt: Date; date: Date; amount: number; method: string; reference: string | null; proofOfPaymentUrl: string | null; saleId: string; recordedByUserId: string; }'.
src/controllers/DashboardController.ts(206,33): error TS2339: Property 'lead' does not exist on type '{ id: string; status: string; createdAt: Date; updatedAt: Date; leadId: string; plotNumber: string | null; isCornerPiece: boolean; plotId: string; nameOnDocument: string | null; ... 6 more ...; termsAcceptedAt: Date | null; }'.
src/controllers/DashboardController.ts(207,35): error TS2339: Property 'product' does not exist on type '{ id: string; status: string; createdAt: Date; updatedAt: Date; leadId: string; plotNumber: string | null; isCornerPiece: boolean; plotId: string; nameOnDocument: string | null; ... 6 more ...; termsAcceptedAt: Date | null; }'.
src/controllers/DashboardController.ts(207,59): error TS2339: Property 'product' does not exist on type '{ id: string; status: string; createdAt: Date; updatedAt: Date; leadId: string; plotNumber: string | null; isCornerPiece: boolean; plotId: string; nameOnDocument: string | null; ... 6 more ...; termsAcceptedAt: Date | null; }'.
src/controllers/EstateController.ts(82,21): error TS2412: Type 'string | string[] | undefined' is not assignable to type 'string | StringFilter<"Plot"> | undefined' with 'exactOptionalPropertyTypes: true'. Consider adding 'undefined' to the type of the target.
src/controllers/EstateController.ts(92,53): error TS2412: Type 'string | string[] | undefined' is not assignable to type 'string | StringFilter<"Plot"> | undefined' with 'exactOptionalPropertyTypes: true'. Consider adding 'undefined' to the type of the target.
src/controllers/EstateController.ts(93,51): error TS2412: Type 'string | string[] | undefined' is not assignable to type 'string | undefined' with 'exactOptionalPropertyTypes: true'. Consider adding 'undefined' to the type of the target.
src/controllers/EventController.ts(193,26): error TS2412: Type 'string | string[] | undefined' is not assignable to type 'string | undefined' with 'exactOptionalPropertyTypes: true'. Consider adding 'undefined' to the type of the target.
src/controllers/LeadController.ts(142,17): error TS2375: Type '{ fullName: any; phone: any; email: any; gender: any; source: any; dateOfBirth: Date | undefined; address: any; occupation: any; nextOfKinName: any; nextOfKinPhone: any; status: string; companyId: string; branchId: string | null; assignedToUserId: any; }' is not assignable to type '(Without<LeadCreateInput, LeadUncheckedCreateInput> & LeadUncheckedCreateInput) | (Without<...> & LeadCreateInput)' with 'exactOptionalPropertyTypes: true'. Consider adding 'undefined' to the types of the target's properties.
  Type '{ fullName: any; phone: any; email: any; gender: any; source: any; dateOfBirth: Date | undefined; address: any; occupation: any; nextOfKinName: any; nextOfKinPhone: any; status: string; companyId: string; branchId: string | null; assignedToUserId: any; }' is not assignable to type 'Without<LeadCreateInput, LeadUncheckedCreateInput> & LeadUncheckedCreateInput' with 'exactOptionalPropertyTypes: true'. Consider adding 'undefined' to the types of the target's properties.
    Type '{ fullName: any; phone: any; email: any; gender: any; source: any; dateOfBirth: Date | undefined; address: any; occupation: any; nextOfKinName: any; nextOfKinPhone: any; status: string; companyId: string; branchId: string | null; assignedToUserId: any; }' is not assignable to type 'LeadUncheckedCreateInput' with 'exactOptionalPropertyTypes: true'. Consider adding 'undefined' to the types of the target's properties.
      Types of property 'dateOfBirth' are incompatible.
        Type 'Date | undefined' is not assignable to type 'string | Date | null'.
          Type 'undefined' is not assignable to type 'string | Date | null'.
src/controllers/LeadController.ts(258,17): error TS2375: Type '{ fullName: any; phone: any; email: any; gender: any; source: any; dateOfBirth: Date | undefined; address: any; occupation: any; nextOfKinName: any; nextOfKinPhone: any; }' is not assignable to type '(Without<LeadUpdateInput, LeadUncheckedUpdateInput> & LeadUncheckedUpdateInput) | (Without<...> & LeadUpdateInput)' with 'exactOptionalPropertyTypes: true'. Consider adding 'undefined' to the types of the target's properties.
  Type '{ fullName: any; phone: any; email: any; gender: any; source: any; dateOfBirth: Date | undefined; address: any; occupation: any; nextOfKinName: any; nextOfKinPhone: any; }' is not assignable to type 'Without<LeadUncheckedUpdateInput, LeadUpdateInput> & LeadUpdateInput' with 'exactOptionalPropertyTypes: true'. Consider adding 'undefined' to the types of the target's properties.
    Type '{ fullName: any; phone: any; email: any; gender: any; source: any; dateOfBirth: Date | undefined; address: any; occupation: any; nextOfKinName: any; nextOfKinPhone: any; }' is not assignable to type 'LeadUpdateInput' with 'exactOptionalPropertyTypes: true'. Consider adding 'undefined' to the types of the target's properties.
      Types of property 'dateOfBirth' are incompatible.
        Type 'Date | undefined' is not assignable to type 'string | Date | NullableDateTimeFieldUpdateOperationsInput | null'.
          Type 'undefined' is not assignable to type 'string | Date | NullableDateTimeFieldUpdateOperationsInput | null'.
src/controllers/PlotController.ts(42,24): error TS2532: Object is possibly 'undefined'.
src/controllers/PlotController.ts(56,26): error TS2412: Type 'string | string[] | undefined' is not assignable to type 'string | undefined' with 'exactOptionalPropertyTypes: true'. Consider adding 'undefined' to the type of the target.
src/controllers/PlotController.ts(82,26): error TS2412: Type 'string | string[] | undefined' is not assignable to type 'string | StringFilter<"Plot"> | undefined' with 'exactOptionalPropertyTypes: true'. Consider adding 'undefined' to the type of the target.
src/controllers/PlotController.ts(103,17): error TS2322: Type '{ estateId: string | string[] | undefined; plotNumber: string; prototype: any; size: number; price: number; status: string; }[]' is not assignable to type 'PlotCreateManyInput | PlotCreateManyInput[]'.
  Type '{ estateId: string | string[] | undefined; plotNumber: string; prototype: any; size: number; price: number; status: string; }[]' is not assignable to type 'PlotCreateManyInput[]'.
    Type '{ estateId: string | string[] | undefined; plotNumber: string; prototype: any; size: number; price: number; status: string; }' is not assignable to type 'PlotCreateManyInput'.
      Types of property 'estateId' are incompatible.
        Type 'string | string[] | undefined' is not assignable to type 'string'.
          Type 'undefined' is not assignable to type 'string'.
src/controllers/PlotController.ts(118,26): error TS2412: Type 'string | string[] | undefined' is not assignable to type 'string | StringFilter<"Plot"> | undefined' with 'exactOptionalPropertyTypes: true'. Consider adding 'undefined' to the type of the target.
src/controllers/PlotController.ts(134,66): error TS2412: Type 'string | string[] | undefined' is not assignable to type 'string | undefined' with 'exactOptionalPropertyTypes: true'. Consider adding 'undefined' to the type of the target.
src/controllers/PlotController.ts(157,26): error TS2412: Type 'string | string[] | undefined' is not assignable to type 'string | undefined' with 'exactOptionalPropertyTypes: true'. Consider adding 'undefined' to the type of the target.
src/controllers/SaleController.ts(26,17): error TS2375: Type '{ leadId: any; plotId: any; isCornerPiece: boolean; agreedPrice: number; status: string; nameOnDocument: any; phoneOnDocument: any; addressOnDocument: any; termsAccepted: boolean; termsAcceptedAt: Date | undefined; }' is not assignable to type '(Without<SaleCreateInput, SaleUncheckedCreateInput> & SaleUncheckedCreateInput) | (Without<...> & SaleCreateInput)' with 'exactOptionalPropertyTypes: true'. Consider adding 'undefined' to the types of the target's properties.
  Type '{ leadId: any; plotId: any; isCornerPiece: boolean; agreedPrice: number; status: string; nameOnDocument: any; phoneOnDocument: any; addressOnDocument: any; termsAccepted: boolean; termsAcceptedAt: Date | undefined; }' is not assignable to type 'Without<SaleUncheckedCreateInput, SaleCreateInput> & SaleCreateInput' with 'exactOptionalPropertyTypes: true'. Consider adding 'undefined' to the types of the target's properties.
    Type '{ leadId: any; plotId: any; isCornerPiece: boolean; agreedPrice: number; status: string; nameOnDocument: any; phoneOnDocument: any; addressOnDocument: any; termsAccepted: boolean; termsAcceptedAt: Date | undefined; }' is not assignable to type 'Without<SaleUncheckedCreateInput, SaleCreateInput>'.
      Types of property 'leadId' are incompatible.
        Type 'any' is not assignable to type 'never'.
src/controllers/SaleController.ts(162,26): error TS2412: Type 'string | string[] | undefined' is not assignable to type 'string | undefined' with 'exactOptionalPropertyTypes: true'. Consider adding 'undefined' to the type of the target.
src/controllers/SaleController.ts(218,26): error TS2412: Type 'string | string[] | undefined' is not assignable to type 'string | undefined' with 'exactOptionalPropertyTypes: true'. Consider adding 'undefined' to the type of the target.
